0 info it worked if it ends with ok
1 verbose cli [ '/home/ninja/n/bin/node', '/usr/bin/npm', 'run', 'server' ]
2 info using npm@3.8.9
3 info using node@v6.0.0
4 verbose stack Error: missing script: server
4 verbose stack     at run (/usr/lib/node_modules/npm/lib/run-script.js:150:19)
4 verbose stack     at /usr/lib/node_modules/npm/lib/run-script.js:60:5
4 verbose stack     at /usr/lib/node_modules/npm/node_modules/read-package-json/read-json.js:356:5
4 verbose stack     at checkBinReferences_ (/usr/lib/node_modules/npm/node_modules/read-package-json/read-json.js:320:45)
4 verbose stack     at final (/usr/lib/node_modules/npm/node_modules/read-package-json/read-json.js:354:3)
4 verbose stack     at then (/usr/lib/node_modules/npm/node_modules/read-package-json/read-json.js:124:5)
4 verbose stack     at /usr/lib/node_modules/npm/node_modules/read-package-json/read-json.js:311:12
4 verbose stack     at /usr/lib/node_modules/npm/node_modules/graceful-fs/graceful-fs.js:78:16
4 verbose stack     at tryToString (fs.js:449:3)
4 verbose stack     at FSReqWrap.readFileAfterClose [as oncomplete] (fs.js:436:12)
5 verbose cwd /home/ninja/work/projects/otissv.github.io
6 error Linux 4.5.2-1-ARCH
7 error argv "/home/ninja/n/bin/node" "/usr/bin/npm" "run" "server"
8 error node v6.0.0
9 error npm  v3.8.9
10 error missing script: server
11 error If you need help, you may report this error at:
11 error     <https://github.com/npm/npm/issues>
12 verbose exit [ 1, true ]
